<?xml version="1.0" encoding="UTF-8"?>
<testng-results ignored="0" total="1" passed="1" failed="0" skipped="0">
  <reporter-output>
  </reporter-output>
  <suite started-at="2024-12-21T23:49:57 IST" name="Default suite" finished-at="2024-12-21T23:50:27 IST" duration-ms="30900">
    <groups>
    </groups>
    <test started-at="2024-12-21T23:49:57 IST" name="Default test" finished-at="2024-12-21T23:50:27 IST" duration-ms="30900">
      <class name="test.NewClass">
        <test-method signature="demo()[pri:0, instance:test.NewClass@38c6f217]" started-at="2024-12-21T23:49:57 IST" name="demo" finished-at="2024-12-21T23:50:27 IST" duration-ms="30802" status="PASS">
          <reporter-output>
          </reporter-output>
        </test-method> <!-- demo -->
      </class> <!-- test.NewClass -->
    </test> <!-- Default test -->
  </suite> <!-- Default suite -->
</testng-results>
