<?xml version="1.0" encoding="UTF-8"?>
<testng-results ignored="0" total="1" passed="1" failed="0" skipped="0">
  <reporter-output>
  </reporter-output>
  <suite started-at="2024-03-30T17:54:03 IST" name="Default suite" finished-at="2024-03-30T17:54:21 IST" duration-ms="17437">
    <groups>
    </groups>
    <test started-at="2024-03-30T17:54:03 IST" name="Default test" finished-at="2024-03-30T17:54:21 IST" duration-ms="17437">
      <class name="com.demo.Tc">
        <test-method is-config="true" signature="Beforeclass()[pri:0, instance:com.demo.Tc@5fdcaa40]" started-at="2024-03-30T17:54:03 IST" name="Beforeclass" finished-at="2024-03-30T17:54:15 IST" duration-ms="12065" status="PASS">
          <reporter-output>
          </reporter-output>
        </test-method> <!-- Beforeclass -->
        <test-method signature="RegisterPager()[pri:0, instance:com.demo.Tc@5fdcaa40]" started-at="2024-03-30T17:54:15 IST" name="RegisterPager" finished-at="2024-03-30T17:54:21 IST" duration-ms="5290" status="PASS">
          <reporter-output>
          </reporter-output>
        </test-method> <!-- RegisterPager -->
        <test-method is-config="true" signature="logout()[pri:0, instance:com.demo.Tc@5fdcaa40]" started-at="2024-03-30T17:54:21 IST" name="logout" finished-at="2024-03-30T17:54:21 IST" duration-ms="8" status="PASS">
          <reporter-output>
          </reporter-output>
        </test-method> <!-- logout -->
      </class> <!-- com.demo.Tc -->
    </test> <!-- Default test -->
  </suite> <!-- Default suite -->
</testng-results>
